2026-03-19 01:28:14.950: [INFO] VisibilityChanged: 0
2026-03-19 01:28:14.980: [INFO] RecordSyncInitDuration has_sync_been_enabled: 0 state: 0
2026-03-19 01:28:14.980: [INFO] RecordSyncInitDuration has_sync_been_enabled: 0 state: 0
2026-03-19 01:28:14.980: [INFO] RecordSyncInitDuration has_sync_been_enabled: 0 state: 0
2026-03-19 01:28:14.981: [INFO] RecordSyncInitDuration has_sync_been_enabled: 0 state: 0
2026-03-19 01:28:14.981: [INFO] RecordSyncInitDuration has_sync_been_enabled: 0 state: 0
2026-03-19 01:28:14.981: [INFO] RecordSyncInitDuration has_sync_been_enabled: 0 state: 0
2026-03-19 01:28:14.982: [INFO] RecordSyncInitDuration has_sync_been_enabled: 0 state: 0
2026-03-19 01:28:14.982: [INFO] RecordSyncInitDuration has_sync_been_enabled: 0 state: 0
2026-03-19 01:28:14.983: [INFO] RecordSyncInitDuration has_sync_been_enabled: 0 state: 0
2026-03-19 01:28:14.983: [INFO] RecordSyncInitDuration has_sync_been_enabled: 0 state: 0
2026-03-19 01:28:14.983: [INFO] RecordSyncInitDuration has_sync_been_enabled: 0 state: 0
2026-03-19 01:28:14.984: [INFO] RecordSyncInitDuration has_sync_been_enabled: 0 state: 0
2026-03-19 01:28:15.001: [INFO] BookmarkNodeAdded, ABU: 0
2026-03-19 01:28:15.002: [INFO] BookmarkNodeAdded, ABU: 0
2026-03-19 01:28:15.002: [INFO] BookmarkNodeAdded, ABU: 0
2026-03-19 01:28:15.002: [INFO] BookmarkNodeAdded, ABU: 0
2026-03-19 01:28:15.003: [INFO] BookmarkNodeAdded, ABU: 0
2026-03-19 01:28:15.003: [INFO] BookmarkModelLoaded, ids_reassigned: 0
2026-03-19 01:28:15.003: [INFO] OnDoneLoading sync enabled: 0
2026-03-19 01:28:15.032: [INFO] RecordSyncInitDuration has_sync_been_enabled: 0 state: 0
2026-03-19 01:28:15.627: [INFO] RecordSyncInitDuration has_sync_been_enabled: 0 state: 3
2026-03-19 01:28:15.628: [INFO] Primary account changed.
2026-03-19 01:28:15.628: [INFO] OnPrimaryAccountChanged PrimaryAccountChangeEvent::Type::kSet
2026-03-19 01:28:15.630: [INFO] RecordSyncInitDuration has_sync_been_enabled: 0 state: 3
2026-03-19 01:28:15.640: [INFO] RecordSyncInitDuration has_sync_been_enabled: 0 state: 3
2026-03-19 01:28:17.650: [INFO] VisibilityChanged: 1
2026-03-19 01:28:18.765: [INFO] BookmarkNodeAdded, ABU: 0
2026-03-19 01:28:18.766: [INFO] BookmarkNodeAdded, ABU: 0
2026-03-19 01:28:18.766: [INFO] BookmarkNodeAdded, ABU: 0
2026-03-19 01:28:18.766: [INFO] BookmarkNodeAdded, ABU: 0
2026-03-19 01:28:18.766: [INFO] BookmarkNodeAdded, ABU: 0
2026-03-19 01:28:18.767: [INFO] BookmarkNodeAdded, ABU: 0
2026-03-19 01:28:18.767: [INFO] BookmarkNodeAdded, ABU: 0
2026-03-19 01:28:18.767: [INFO] BookmarkNodeAdded, ABU: 0
2026-03-19 01:28:18.767: [INFO] BookmarkNodeAdded, ABU: 0
2026-03-19 01:28:18.768: [INFO] BookmarkNodeAdded, ABU: 0
2026-03-19 01:28:18.768: [INFO] BookmarkNodeAdded, ABU: 0
2026-03-19 01:28:18.768: [INFO] BookmarkNodeAdded, ABU: 0
2026-03-19 01:28:18.768: [INFO] BookmarkNodeAdded, ABU: 0
2026-03-19 01:28:18.768: [INFO] BookmarkNodeAdded, ABU: 0
2026-03-19 01:28:18.769: [INFO] BookmarkNodeAdded, ABU: 0
2026-03-19 01:28:18.769: [INFO] BookmarkNodeAdded, ABU: 0
2026-03-19 01:28:18.769: [INFO] BookmarkNodeAdded, ABU: 0
2026-03-19 01:28:18.769: [INFO] BookmarkNodeAdded, ABU: 0
2026-03-19 01:28:18.770: [INFO] BookmarkNodeAdded, ABU: 0
2026-03-19 01:28:18.770: [INFO] BookmarkNodeAdded, ABU: 0
2026-03-19 01:28:18.770: [INFO] BookmarkNodeAdded, ABU: 0
2026-03-19 01:28:18.770: [INFO] BookmarkNodeAdded, ABU: 0
2026-03-19 01:28:18.770: [INFO] BookmarkNodeAdded, ABU: 0
2026-03-19 01:28:18.770: [INFO] BookmarkNodeAdded, ABU: 0
2026-03-19 01:28:18.771: [INFO] BookmarkNodeAdded, ABU: 0
2026-03-19 01:28:18.771: [INFO] BookmarkNodeAdded, ABU: 0
2026-03-19 01:28:18.771: [INFO] BookmarkNodeAdded, ABU: 0
2026-03-19 01:28:18.771: [INFO] BookmarkNodeAdded, ABU: 0
2026-03-19 01:28:18.772: [INFO] BookmarkNodeAdded, ABU: 0
2026-03-19 01:28:18.772: [INFO] BookmarkNodeAdded, ABU: 0
2026-03-19 01:28:18.772: [INFO] BookmarkNodeAdded, ABU: 0
2026-03-19 01:28:18.772: [INFO] BookmarkNodeAdded, ABU: 0
2026-03-19 01:28:18.772: [INFO] BookmarkNodeAdded, ABU: 0
2026-03-19 01:28:18.773: [INFO] BookmarkNodeAdded, ABU: 0
2026-03-19 01:28:18.773: [INFO] BookmarkNodeAdded, ABU: 0
2026-03-19 01:28:18.773: [INFO] BookmarkNodeAdded, ABU: 0
2026-03-19 01:28:18.773: [INFO] BookmarkNodeAdded, ABU: 0
2026-03-19 01:28:18.774: [INFO] BookmarkNodeAdded, ABU: 0
2026-03-19 01:28:18.774: [INFO] BookmarkNodeAdded, ABU: 0
2026-03-19 01:28:18.774: [INFO] BookmarkNodeAdded, ABU: 0
2026-03-19 01:28:18.774: [INFO] BookmarkNodeAdded, ABU: 0
2026-03-19 01:28:18.774: [INFO] BookmarkNodeAdded, ABU: 0
2026-03-19 01:28:18.775: [INFO] BookmarkNodeAdded, ABU: 0
2026-03-19 01:28:18.775: [INFO] BookmarkNodeAdded, ABU: 0
2026-03-19 01:28:18.775: [INFO] BookmarkNodeAdded, ABU: 0
2026-03-19 01:28:18.775: [INFO] BookmarkNodeAdded, ABU: 0
2026-03-19 01:28:18.775: [INFO] BookmarkNodeAdded, ABU: 0
2026-03-19 01:28:18.776: [INFO] BookmarkNodeAdded, ABU: 0
2026-03-19 01:28:18.776: [INFO] BookmarkNodeAdded, ABU: 0
2026-03-19 01:28:18.776: [INFO] BookmarkNodeAdded, ABU: 0
2026-03-19 01:28:18.776: [INFO] BookmarkNodeAdded, ABU: 0
2026-03-19 01:28:18.776: [INFO] BookmarkNodeAdded, ABU: 0
2026-03-19 01:28:18.777: [INFO] BookmarkNodeAdded, ABU: 0
2026-03-19 01:28:18.777: [INFO] BookmarkNodeAdded, ABU: 0
2026-03-19 01:28:18.777: [INFO] BookmarkNodeAdded, ABU: 0
2026-03-19 01:28:18.777: [INFO] BookmarkNodeAdded, ABU: 0
2026-03-19 01:28:18.778: [INFO] BookmarkNodeAdded, ABU: 0
2026-03-19 01:28:18.778: [INFO] BookmarkNodeAdded, ABU: 0
2026-03-19 01:28:18.778: [INFO] BookmarkNodeAdded, ABU: 0
2026-03-19 01:28:18.778: [INFO] BookmarkNodeAdded, ABU: 0
2026-03-19 01:28:18.778: [INFO] BookmarkNodeAdded, ABU: 0
2026-03-19 01:28:18.778: [INFO] BookmarkNodeAdded, ABU: 0
2026-03-19 01:28:18.779: [INFO] BookmarkNodeAdded, ABU: 0
2026-03-19 01:28:18.779: [INFO] BookmarkNodeAdded, ABU: 0
2026-03-19 01:28:18.779: [INFO] BookmarkNodeAdded, ABU: 0
2026-03-19 01:28:18.779: [INFO] BookmarkNodeAdded, ABU: 0
2026-03-19 01:28:18.779: [INFO] BookmarkNodeAdded, ABU: 0
2026-03-19 01:28:18.780: [INFO] BookmarkNodeAdded, ABU: 0
2026-03-19 01:28:18.780: [INFO] BookmarkNodeAdded, ABU: 0
2026-03-19 01:28:18.780: [INFO] BookmarkNodeAdded, ABU: 0
2026-03-19 01:28:18.781: [INFO] BookmarkNodeAdded, ABU: 0
2026-03-19 01:28:18.781: [INFO] BookmarkNodeAdded, ABU: 0
2026-03-19 01:28:18.781: [INFO] BookmarkNodeAdded, ABU: 0
2026-03-19 01:28:18.781: [INFO] BookmarkNodeAdded, ABU: 0
2026-03-19 01:28:18.781: [INFO] BookmarkNodeAdded, ABU: 0
2026-03-19 01:28:18.782: [INFO] BookmarkNodeAdded, ABU: 0
2026-03-19 01:28:18.782: [INFO] BookmarkNodeAdded, ABU: 0
2026-03-19 01:28:18.782: [INFO] BookmarkNodeAdded, ABU: 0
2026-03-19 01:28:18.782: [INFO] BookmarkNodeAdded, ABU: 0
2026-03-19 01:28:18.783: [INFO] BookmarkNodeAdded, ABU: 0
2026-03-19 01:28:18.783: [INFO] BookmarkNodeAdded, ABU: 0
2026-03-19 01:28:18.783: [INFO] BookmarkNodeAdded, ABU: 0
2026-03-19 01:28:18.783: [INFO] BookmarkNodeAdded, ABU: 0
2026-03-19 01:28:18.784: [INFO] BookmarkNodeAdded, ABU: 0
2026-03-19 01:28:18.784: [INFO] BookmarkNodeAdded, ABU: 0
2026-03-19 01:28:18.784: [INFO] BookmarkNodeAdded, ABU: 0
2026-03-19 01:28:18.784: [INFO] BookmarkNodeAdded, ABU: 0
2026-03-19 01:28:18.784: [INFO] BookmarkNodeAdded, ABU: 0
2026-03-19 01:28:18.784: [INFO] BookmarkNodeAdded, ABU: 0
2026-03-19 01:28:18.785: [INFO] BookmarkNodeAdded, ABU: 0
2026-03-19 01:28:18.785: [INFO] BookmarkNodeAdded, ABU: 0
2026-03-19 01:28:18.785: [INFO] BookmarkNodeAdded, ABU: 0
2026-03-19 01:28:18.785: [INFO] BookmarkNodeAdded, ABU: 0
2026-03-19 01:28:18.786: [INFO] BookmarkNodeAdded, ABU: 0
2026-03-19 01:28:18.786: [INFO] BookmarkNodeAdded, ABU: 0
2026-03-19 01:28:18.786: [INFO] BookmarkNodeAdded, ABU: 0
2026-03-19 01:28:18.786: [INFO] BookmarkNodeAdded, ABU: 0
2026-03-19 01:28:18.786: [INFO] BookmarkNodeAdded, ABU: 0
2026-03-19 01:28:18.787: [INFO] BookmarkNodeAdded, ABU: 0
2026-03-19 01:28:18.787: [INFO] BookmarkNodeAdded, ABU: 0
2026-03-19 01:28:18.787: [INFO] BookmarkNodeAdded, ABU: 0
2026-03-19 01:28:18.787: [INFO] BookmarkNodeAdded, ABU: 0
2026-03-19 01:28:18.788: [INFO] BookmarkNodeAdded, ABU: 0
2026-03-19 01:28:18.788: [INFO] BookmarkNodeAdded, ABU: 0
2026-03-19 01:28:18.788: [INFO] BookmarkNodeAdded, ABU: 0
2026-03-19 01:28:18.788: [INFO] BookmarkNodeAdded, ABU: 0
2026-03-19 01:28:18.788: [INFO] BookmarkNodeAdded, ABU: 0
2026-03-19 01:28:18.789: [INFO] BookmarkNodeAdded, ABU: 0
2026-03-19 01:28:18.789: [INFO] BookmarkNodeAdded, ABU: 0
2026-03-19 01:28:18.789: [INFO] BookmarkNodeAdded, ABU: 0
2026-03-19 01:28:18.789: [INFO] BookmarkNodeAdded, ABU: 0
2026-03-19 01:28:18.789: [INFO] BookmarkNodeAdded, ABU: 0
2026-03-19 01:28:18.790: [INFO] BookmarkNodeAdded, ABU: 0
2026-03-19 01:28:18.790: [INFO] BookmarkNodeAdded, ABU: 0
2026-03-19 01:28:18.790: [INFO] BookmarkNodeAdded, ABU: 0
2026-03-19 01:28:18.790: [INFO] BookmarkNodeAdded, ABU: 0
2026-03-19 01:28:18.790: [INFO] BookmarkNodeAdded, ABU: 0
2026-03-19 01:28:18.790: [INFO] BookmarkNodeAdded, ABU: 0
2026-03-19 01:28:18.791: [INFO] BookmarkNodeAdded, ABU: 0
2026-03-19 01:28:18.791: [INFO] BookmarkNodeAdded, ABU: 0
2026-03-19 01:28:18.791: [INFO] BookmarkNodeAdded, ABU: 0
2026-03-19 01:28:18.791: [INFO] BookmarkNodeAdded, ABU: 0
2026-03-19 01:28:18.792: [INFO] BookmarkNodeAdded, ABU: 0
2026-03-19 01:28:18.792: [INFO] BookmarkNodeAdded, ABU: 0
2026-03-19 01:28:18.792: [INFO] BookmarkNodeAdded, ABU: 0
2026-03-19 01:28:18.792: [INFO] BookmarkNodeAdded, ABU: 0
2026-03-19 01:28:18.793: [INFO] BookmarkNodeAdded, ABU: 0
2026-03-19 01:28:18.793: [INFO] BookmarkNodeAdded, ABU: 0
2026-03-19 01:28:18.793: [INFO] BookmarkNodeAdded, ABU: 0
2026-03-19 01:28:18.793: [INFO] BookmarkNodeAdded, ABU: 0
2026-03-19 01:28:18.793: [INFO] BookmarkNodeAdded, ABU: 0
2026-03-19 01:28:18.794: [INFO] BookmarkNodeAdded, ABU: 0
2026-03-19 01:28:18.794: [INFO] BookmarkNodeAdded, ABU: 0
2026-03-19 01:28:18.794: [INFO] BookmarkNodeAdded, ABU: 0
2026-03-19 01:28:18.794: [INFO] BookmarkNodeAdded, ABU: 0
2026-03-19 01:28:18.794: [INFO] BookmarkNodeAdded, ABU: 0
2026-03-19 01:28:18.795: [INFO] BookmarkNodeAdded, ABU: 0
2026-03-19 01:28:18.795: [INFO] BookmarkNodeAdded, ABU: 0
2026-03-19 01:28:18.795: [INFO] BookmarkNodeAdded, ABU: 0
2026-03-19 01:28:18.795: [INFO] BookmarkNodeAdded, ABU: 0
2026-03-19 01:28:18.796: [INFO] BookmarkNodeAdded, ABU: 0
2026-03-19 01:28:18.796: [INFO] BookmarkNodeAdded, ABU: 0
2026-03-19 01:28:18.796: [INFO] BookmarkNodeAdded, ABU: 0
2026-03-19 01:28:18.796: [INFO] BookmarkNodeAdded, ABU: 0
2026-03-19 01:28:18.796: [INFO] BookmarkNodeAdded, ABU: 0
2026-03-19 01:28:18.797: [INFO] BookmarkNodeAdded, ABU: 0
2026-03-19 01:28:18.797: [INFO] BookmarkNodeAdded, ABU: 0
2026-03-19 01:28:18.797: [INFO] BookmarkNodeAdded, ABU: 0
2026-03-19 01:28:18.797: [INFO] BookmarkNodeAdded, ABU: 0
2026-03-19 01:28:18.797: [INFO] BookmarkNodeAdded, ABU: 0
2026-03-19 01:28:18.798: [INFO] BookmarkNodeAdded, ABU: 0
2026-03-19 01:28:18.798: [INFO] BookmarkNodeAdded, ABU: 0
2026-03-19 01:28:18.798: [INFO] BookmarkNodeAdded, ABU: 0
2026-03-19 01:28:18.798: [INFO] BookmarkNodeAdded, ABU: 0
2026-03-19 01:28:18.799: [INFO] BookmarkNodeAdded, ABU: 0
2026-03-19 01:28:18.799: [INFO] BookmarkNodeAdded, ABU: 0
2026-03-19 01:28:18.799: [INFO] BookmarkNodeAdded, ABU: 0
2026-03-19 01:28:18.799: [INFO] BookmarkNodeAdded, ABU: 0
2026-03-19 01:28:18.799: [INFO] BookmarkNodeAdded, ABU: 0
2026-03-19 01:28:18.800: [INFO] BookmarkNodeAdded, ABU: 0
2026-03-19 01:28:18.800: [INFO] BookmarkNodeAdded, ABU: 0
2026-03-19 01:28:18.800: [INFO] BookmarkNodeAdded, ABU: 0
2026-03-19 01:28:18.800: [INFO] BookmarkNodeAdded, ABU: 0
2026-03-19 01:28:18.801: [INFO] BookmarkNodeAdded, ABU: 0
2026-03-19 01:28:18.801: [INFO] BookmarkNodeAdded, ABU: 0
2026-03-19 01:28:18.802: [INFO] BookmarkNodeAdded, ABU: 0
2026-03-19 01:28:18.802: [INFO] BookmarkNodeAdded, ABU: 0
2026-03-19 01:28:18.802: [INFO] BookmarkNodeAdded, ABU: 0
2026-03-19 01:28:18.802: [INFO] BookmarkNodeAdded, ABU: 0
2026-03-19 01:28:18.803: [INFO] BookmarkNodeAdded, ABU: 0
2026-03-19 01:28:18.803: [INFO] BookmarkNodeAdded, ABU: 0
2026-03-19 01:28:18.803: [INFO] BookmarkNodeAdded, ABU: 0
2026-03-19 01:28:18.804: [INFO] BookmarkNodeAdded, ABU: 0
2026-03-19 01:28:18.804: [INFO] BookmarkNodeAdded, ABU: 0
2026-03-19 01:28:18.804: [INFO] BookmarkNodeAdded, ABU: 0
2026-03-19 01:28:18.805: [INFO] BookmarkNodeAdded, ABU: 0
2026-03-19 01:28:18.805: [INFO] BookmarkNodeAdded, ABU: 0
2026-03-19 01:28:18.805: [INFO] BookmarkNodeAdded, ABU: 0
2026-03-19 01:28:18.806: [INFO] BookmarkNodeAdded, ABU: 0
2026-03-19 01:28:18.806: [INFO] BookmarkNodeAdded, ABU: 0
2026-03-19 01:28:18.806: [INFO] BookmarkNodeAdded, ABU: 0
2026-03-19 01:28:18.807: [INFO] BookmarkNodeAdded, ABU: 0
2026-03-19 01:28:18.807: [INFO] BookmarkNodeAdded, ABU: 0
2026-03-19 01:28:18.807: [INFO] BookmarkNodeAdded, ABU: 0
2026-03-19 01:28:18.807: [INFO] BookmarkNodeAdded, ABU: 0
2026-03-19 01:28:18.808: [INFO] BookmarkNodeAdded, ABU: 0
2026-03-19 01:28:18.808: [INFO] BookmarkNodeAdded, ABU: 0
2026-03-19 01:28:18.808: [INFO] BookmarkNodeAdded, ABU: 0
2026-03-19 01:28:18.808: [INFO] BookmarkNodeAdded, ABU: 0
2026-03-19 01:28:18.809: [INFO] BookmarkNodeAdded, ABU: 0
2026-03-19 01:28:18.809: [INFO] BookmarkNodeAdded, ABU: 0
2026-03-19 01:28:18.809: [INFO] BookmarkNodeAdded, ABU: 0
2026-03-19 01:28:18.809: [INFO] BookmarkNodeAdded, ABU: 0
2026-03-19 01:28:18.810: [INFO] BookmarkNodeAdded, ABU: 0
2026-03-19 01:28:18.810: [INFO] BookmarkNodeAdded, ABU: 0
2026-03-19 01:28:18.810: [INFO] BookmarkNodeAdded, ABU: 0
2026-03-19 01:28:18.810: [INFO] BookmarkNodeAdded, ABU: 0
2026-03-19 01:28:18.811: [INFO] BookmarkNodeAdded, ABU: 0
2026-03-19 01:28:18.811: [INFO] BookmarkNodeAdded, ABU: 0
2026-03-19 01:28:18.811: [INFO] BookmarkNodeAdded, ABU: 0
2026-03-19 01:28:18.811: [INFO] BookmarkNodeAdded, ABU: 0
2026-03-19 01:28:18.811: [INFO] BookmarkNodeAdded, ABU: 0
2026-03-19 01:28:18.812: [INFO] BookmarkNodeAdded, ABU: 0
2026-03-19 01:28:18.812: [INFO] BookmarkNodeAdded, ABU: 0
2026-03-19 01:28:18.812: [INFO] BookmarkNodeAdded, ABU: 0
2026-03-19 01:28:18.812: [INFO] BookmarkNodeAdded, ABU: 0
2026-03-19 01:28:18.813: [INFO] BookmarkNodeAdded, ABU: 0
2026-03-19 01:28:18.813: [INFO] BookmarkNodeAdded, ABU: 0
2026-03-19 01:28:18.813: [INFO] BookmarkNodeAdded, ABU: 0
2026-03-19 01:28:18.813: [INFO] BookmarkNodeAdded, ABU: 0
2026-03-19 01:28:18.814: [INFO] BookmarkNodeAdded, ABU: 0
2026-03-19 01:28:18.814: [INFO] BookmarkNodeAdded, ABU: 0
2026-03-19 01:28:18.814: [INFO] BookmarkNodeAdded, ABU: 0
2026-03-19 01:28:18.814: [INFO] BookmarkNodeAdded, ABU: 0
2026-03-19 01:28:18.814: [INFO] BookmarkNodeAdded, ABU: 0
2026-03-19 01:28:18.815: [INFO] BookmarkNodeAdded, ABU: 0
2026-03-19 01:28:18.815: [INFO] BookmarkNodeAdded, ABU: 0
2026-03-19 01:28:18.815: [INFO] BookmarkNodeAdded, ABU: 0
2026-03-19 01:28:18.815: [INFO] BookmarkNodeAdded, ABU: 0
2026-03-19 01:28:18.815: [INFO] BookmarkNodeAdded, ABU: 0
2026-03-19 01:28:18.816: [INFO] BookmarkNodeAdded, ABU: 0
2026-03-19 01:28:18.816: [INFO] BookmarkNodeAdded, ABU: 0
2026-03-19 01:28:18.816: [INFO] BookmarkNodeAdded, ABU: 0
2026-03-19 01:28:18.816: [INFO] BookmarkNodeAdded, ABU: 0
2026-03-19 01:28:18.817: [INFO] BookmarkNodeAdded, ABU: 0
2026-03-19 01:28:18.817: [INFO] BookmarkNodeAdded, ABU: 0
2026-03-19 01:28:18.817: [INFO] BookmarkNodeAdded, ABU: 0
2026-03-19 01:28:18.817: [INFO] BookmarkNodeAdded, ABU: 0
2026-03-19 01:28:18.817: [INFO] BookmarkNodeAdded, ABU: 0
2026-03-19 01:28:18.818: [INFO] BookmarkNodeAdded, ABU: 0
2026-03-19 01:28:18.818: [INFO] BookmarkNodeAdded, ABU: 0
2026-03-19 01:28:18.818: [INFO] BookmarkNodeAdded, ABU: 0
2026-03-19 01:28:18.818: [INFO] BookmarkNodeAdded, ABU: 0
2026-03-19 01:28:18.819: [INFO] BookmarkNodeAdded, ABU: 0
2026-03-19 01:28:18.819: [INFO] BookmarkNodeAdded, ABU: 0
2026-03-19 01:28:18.819: [INFO] BookmarkNodeAdded, ABU: 0
2026-03-19 01:28:18.819: [INFO] BookmarkNodeAdded, ABU: 0
2026-03-19 01:28:18.820: [INFO] BookmarkNodeAdded, ABU: 0
2026-03-19 01:28:18.820: [INFO] BookmarkNodeAdded, ABU: 0
2026-03-19 01:28:18.820: [INFO] BookmarkNodeAdded, ABU: 0
2026-03-19 01:28:18.820: [INFO] BookmarkNodeAdded, ABU: 0
2026-03-19 01:28:18.820: [INFO] BookmarkNodeAdded, ABU: 0
2026-03-19 01:28:18.820: [INFO] BookmarkNodeAdded, ABU: 0
2026-03-19 01:28:18.821: [INFO] BookmarkNodeAdded, ABU: 0
2026-03-19 01:28:18.821: [INFO] BookmarkNodeAdded, ABU: 0
2026-03-19 01:28:18.821: [INFO] BookmarkNodeAdded, ABU: 0
2026-03-19 01:28:18.822: [INFO] BookmarkNodeAdded, ABU: 0
2026-03-19 01:28:18.822: [INFO] BookmarkNodeAdded, ABU: 0
2026-03-19 01:28:18.822: [INFO] BookmarkNodeAdded, ABU: 0
2026-03-19 01:28:18.822: [INFO] BookmarkNodeAdded, ABU: 0
2026-03-19 01:28:18.823: [INFO] BookmarkNodeAdded, ABU: 0
2026-03-19 01:28:18.823: [INFO] BookmarkNodeAdded, ABU: 0
2026-03-19 01:28:18.823: [INFO] BookmarkNodeAdded, ABU: 0
2026-03-19 01:28:18.823: [INFO] BookmarkNodeAdded, ABU: 0
2026-03-19 01:28:18.824: [INFO] BookmarkNodeAdded, ABU: 0
2026-03-19 01:28:18.824: [INFO] BookmarkNodeAdded, ABU: 0
2026-03-19 01:28:18.824: [INFO] BookmarkNodeAdded, ABU: 0
2026-03-19 01:28:18.825: [INFO] BookmarkNodeAdded, ABU: 0
2026-03-19 01:28:18.825: [INFO] BookmarkNodeAdded, ABU: 0
2026-03-19 01:28:18.825: [INFO] BookmarkNodeAdded, ABU: 0
2026-03-19 01:28:18.826: [INFO] BookmarkNodeAdded, ABU: 0
2026-03-19 01:28:18.826: [INFO] BookmarkNodeAdded, ABU: 0
2026-03-19 01:28:18.826: [INFO] BookmarkNodeAdded, ABU: 0
2026-03-19 01:28:18.826: [INFO] BookmarkNodeAdded, ABU: 0
2026-03-19 01:28:18.827: [INFO] BookmarkNodeAdded, ABU: 0
2026-03-19 01:28:18.827: [INFO] BookmarkNodeAdded, ABU: 0
2026-03-19 01:28:18.827: [INFO] BookmarkNodeAdded, ABU: 0
2026-03-19 01:28:18.828: [INFO] BookmarkNodeAdded, ABU: 0
2026-03-19 01:28:18.828: [INFO] BookmarkNodeAdded, ABU: 0
2026-03-19 01:28:28.056: [INFO] Sync initialization duration: 12361ms
2026-03-19 01:37:36.120: [INFO] VisibilityChanged: 0
