{"logTime": "0319/012816", "correlationVector":"CJ4fIG4IlpijNkBu7AIln/.1","action":"SyncServerConnectionManagerRequest", "result":"SYNC_SERVER_OK", "context":{"environment":"Prod_japaneast_prod-s01-061-apac-japaneast", "migrationStage":"NotStarted", "server":"akswtt111000002"}}
{"logTime": "0319/012816", "correlationVector":"CJ4fIG4IlpijNkBu7AIln/.2","action":"ProcessGetUpdates", "result":"Done", "context":{"dataType":"Encryption Keys", "deleted":"0", "process_failed_to_decrypt":"0", "process_pending_decryption":"0", "process_success":"1", "total":"1"}}
{"logTime": "0319/012816", "correlationVector":"EW5FE+u6SMxC5F5RjlnWrA","action":"SyncServerConnectionManagerRequest", "result":"SYNC_SERVER_OK", "context":{"environment":"", "migrationStage":"", "server":""}}
{"logTime": "0319/012816", "correlationVector":"EW5FE+u6SMxC5F5RjlnWrA.0","action":"EncryptionKeysFetcher.DownloadKeys:", "result":"Success", "context":Key count: 4, Last key timestamp: 2026-01-06T01:48:30Z}
{"logTime": "0319/012816", "correlationVector":"EW5FE+u6SMxC5F5RjlnWrA.1","action":"EncryptionKeysManager::SetEncryptionKeys:", "result":"Success", "context":Key names[4]:[Vi9iOExm2VX0MqSVGlSMy/WeAQ/n87RtRNWk+LHvjqWAV8JQ2/b/GQATi1q7WWDRZw1F4mHjpoyUYc6a1CdZxw==][wWztURzZnAHUg5WR8L0I1pLGXkPrQBlAljoVhR0XL0TMI97VTeKS0tTSq1Fyv4omiMlMwKErsQPpoESYsHx44Q==][bOK8jHxmWzuKFqv/jjskMGf32uFnjTfKv3U6G7TfDFsKecoLyq6YF/EQ6/aJWMNRZz4hjivU/0G8rIGnqrBOGQ==][wIAsG1DPukTxhSvDEEm28UHd3ihV3zxetWAqpfusFuHHjMPOrhZW74GwdUZxlM1k/yBILXXy7DujyNKMZkBUsw==]}
{"logTime": "0319/012816", "correlationVector":"EW5FE+u6SMxC5F5RjlnWrA.2","action":"EncryptionKeysManager::SetEncryptionKeysWithTimestamps:", "result":"Success", "context":Key timestamps[4]:[2022-03-31T01:35:21Z][2024-12-22T06:23:35Z][2025-12-22T15:32:32Z][2026-01-06T01:48:30Z]}
{"logTime": "0319/012816", "correlationVector":"CJ4fIG4IlpijNkBu7AIln/","action":"Initial GetUpdates", "result":"", "context":Reason: NEW_CLIENT. cV=CJ4fIG4IlpijNkBu7AIln/}
{"logTime": "0319/012816", "correlationVector":"CJ4fIG4IlpijNkBu7AIln/.3","action":"GetUpdates Response", "result":"Success", "context":Received 1 update(s). cV=CJ4fIG4IlpijNkBu7AIln/.0;server=akswtt111000002;cloudType=Consumer;environment=Prod_japaneast_prod-s01-061-apac-japaneast;migrationStage=NotStarted}
{"logTime": "0319/012816", "correlationVector":"QdBP1KtJ6eMhYV5RaQew26","action":"Initial GetUpdates", "result":"", "context":Reason: NEWLY_SUPPORTED_DATATYPE. cV=QdBP1KtJ6eMhYV5RaQew26}
{"logTime": "0319/012817", "correlationVector":"QdBP1KtJ6eMhYV5RaQew26.1","action":"SyncServerConnectionManagerRequest", "result":"SYNC_SERVER_OK", "context":{"environment":"Prod_japaneast_prod-s01-061-apac-japaneast", "migrationStage":"NotStarted", "server":"akswtt111000002"}}
{"logTime": "0319/012817", "correlationVector":"QdBP1KtJ6eMhYV5RaQew26.2","action":"ProcessGetUpdates", "result":"Done", "context":{"dataType":"Preferences", "deleted":"2", "process_failed_to_decrypt":"0", "process_pending_decryption":"0", "process_success":"110", "total":"110"}}
{"logTime": "0319/012817", "correlationVector":"QdBP1KtJ6eMhYV5RaQew26.3","action":"ProcessGetUpdates", "result":"Done", "context":{"dataType":"Passwords", "deleted":"0", "process_failed_to_decrypt":"0", "process_pending_decryption":"0", "process_success":"55", "total":"55"}}
{"logTime": "0319/012817", "correlationVector":"QdBP1KtJ6eMhYV5RaQew26.4","action":"ProcessGetUpdates", "result":"Done", "context":{"dataType":"Device Info", "deleted":"0", "process_failed_to_decrypt":"0", "process_pending_decryption":"0", "process_success":"9", "total":"9"}}
{"logTime": "0319/012817", "correlationVector":"QdBP1KtJ6eMhYV5RaQew26.5","action":"GetUpdates Response", "result":"Success", "context":Received 174 update(s). cV=QdBP1KtJ6eMhYV5RaQew26.0;server=akswtt111000002;cloudType=Consumer;environment=Prod_japaneast_prod-s01-061-apac-japaneast;migrationStage=NotStarted}
{"logTime": "0319/012817", "correlationVector":"fRGDbP5aS7uOBKzVbMrkqP","action":"Initial GetUpdates", "result":"", "context":Reason: NEWLY_SUPPORTED_DATATYPE. cV=fRGDbP5aS7uOBKzVbMrkqP}
{"logTime": "0319/012818", "correlationVector":"fRGDbP5aS7uOBKzVbMrkqP.1","action":"SyncServerConnectionManagerRequest", "result":"SYNC_SERVER_OK", "context":{"environment":"Prod_japaneast_prod-s01-061-apac-japaneast", "migrationStage":"NotStarted", "server":"akswtt11100000z"}}
{"logTime": "0319/012818", "correlationVector":"fRGDbP5aS7uOBKzVbMrkqP.2","action":"ProcessGetUpdates", "result":"Done", "context":{"dataType":"Bookmarks", "deleted":"11", "process_failed_to_decrypt":"0", "process_pending_decryption":"0", "process_success":"250", "total":"250"}}
{"logTime": "0319/012818", "correlationVector":"fRGDbP5aS7uOBKzVbMrkqP.3","action":"GetUpdates Response", "result":"Success", "context":Received 250 update(s). cV=fRGDbP5aS7uOBKzVbMrkqP.0;server=akswtt11100000z;cloudType=Consumer;environment=Prod_japaneast_prod-s01-061-apac-japaneast;migrationStage=NotStarted Some updates remain.}
{"logTime": "0319/012818", "correlationVector":"Xep0fkTkhP3SGJR1CAFZkM","action":"Initial GetUpdates", "result":"", "context":Reason: NEWLY_SUPPORTED_DATATYPE. cV=Xep0fkTkhP3SGJR1CAFZkM}
{"logTime": "0319/012818", "correlationVector":"Xep0fkTkhP3SGJR1CAFZkM.1","action":"SyncServerConnectionManagerRequest", "result":"SYNC_SERVER_OK", "context":{"environment":"Prod_japaneast_prod-s01-061-apac-japaneast", "migrationStage":"NotStarted", "server":"akswtt11100002x"}}
{"logTime": "0319/012818", "correlationVector":"Xep0fkTkhP3SGJR1CAFZkM.2","action":"ProcessGetUpdates", "result":"Done", "context":{"dataType":"Bookmarks", "deleted":"3", "process_failed_to_decrypt":"0", "process_pending_decryption":"0", "process_success":"64", "total":"64"}}
{"logTime": "0319/012818", "correlationVector":"Xep0fkTkhP3SGJR1CAFZkM.3","action":"GetUpdates Response", "result":"Success", "context":Received 64 update(s). cV=Xep0fkTkhP3SGJR1CAFZkM.0;server=akswtt11100002x;cloudType=Consumer;environment=Prod_japaneast_prod-s01-061-apac-japaneast;migrationStage=NotStarted}
{"logTime": "0319/012818", "correlationVector":"ZhBnhWpp0VBKcGTCmdf5jw","action":"Initial GetUpdates", "result":"", "context":Reason: NEWLY_SUPPORTED_DATATYPE. cV=ZhBnhWpp0VBKcGTCmdf5jw}
{"logTime": "0319/012820", "correlationVector":"ZhBnhWpp0VBKcGTCmdf5jw.1","action":"SyncServerConnectionManagerRequest", "result":"SYNC_SERVER_OK", "context":{"environment":"Prod_westus2_prod-s01-035-nam-westus2", "migrationStage":"NotStarted", "server":"akswtt11200000h"}}
{"logTime": "0319/012820", "correlationVector":"ZhBnhWpp0VBKcGTCmdf5jw.2","action":"ProcessGetUpdates", "result":"Done", "context":{"dataType":"Autofill Profiles", "deleted":"3", "process_failed_to_decrypt":"0", "process_pending_decryption":"0", "process_success":"3", "total":"3"}}
{"logTime": "0319/012820", "correlationVector":"ZhBnhWpp0VBKcGTCmdf5jw.3","action":"ProcessGetUpdates", "result":"Done", "context":{"dataType":"Autofill", "deleted":"0", "process_failed_to_decrypt":"0", "process_pending_decryption":"0", "process_success":"1", "total":"1"}}
{"logTime": "0319/012820", "correlationVector":"ZhBnhWpp0VBKcGTCmdf5jw.4","action":"ProcessGetUpdates", "result":"Done", "context":{"dataType":"Extensions", "deleted":"0", "process_failed_to_decrypt":"0", "process_pending_decryption":"0", "process_success":"1", "total":"1"}}
{"logTime": "0319/012820", "correlationVector":"ZhBnhWpp0VBKcGTCmdf5jw.5","action":"ProcessGetUpdates", "result":"Done", "context":{"dataType":"Sessions", "deleted":"245", "process_failed_to_decrypt":"0", "process_pending_decryption":"0", "process_success":"245", "total":"245"}}
{"logTime": "0319/012820", "correlationVector":"ZhBnhWpp0VBKcGTCmdf5jw.6","action":"GetUpdates Response", "result":"Success", "context":Received 250 update(s). cV=ZhBnhWpp0VBKcGTCmdf5jw.0;server=akswtt11200000h;cloudType=Consumer;environment=Prod_westus2_prod-s01-035-nam-westus2;migrationStage=NotStarted Some updates remain.}
{"logTime": "0319/012820", "correlationVector":"og2DenVzD5K1dqHTS2T565","action":"Initial GetUpdates", "result":"", "context":Reason: NEWLY_SUPPORTED_DATATYPE. cV=og2DenVzD5K1dqHTS2T565}
{"logTime": "0319/012821", "correlationVector":"og2DenVzD5K1dqHTS2T565.1","action":"SyncServerConnectionManagerRequest", "result":"SYNC_SERVER_OK", "context":{"environment":"Prod_japaneast_prod-s01-061-apac-japaneast", "migrationStage":"NotStarted", "server":"akswtt11100003i"}}
{"logTime": "0319/012821", "correlationVector":"og2DenVzD5K1dqHTS2T565.2","action":"ProcessGetUpdates", "result":"Done", "context":{"dataType":"Autofill", "deleted":"0", "process_failed_to_decrypt":"0", "process_pending_decryption":"0", "process_success":"145", "total":"145"}}
{"logTime": "0319/012821", "correlationVector":"og2DenVzD5K1dqHTS2T565.3","action":"ProcessGetUpdates", "result":"Done", "context":{"dataType":"Sessions", "deleted":"104", "process_failed_to_decrypt":"0", "process_pending_decryption":"0", "process_success":"104", "total":"104"}}
{"logTime": "0319/012821", "correlationVector":"og2DenVzD5K1dqHTS2T565.4","action":"ProcessGetUpdates", "result":"Done", "context":{"dataType":"WebAuthn Credentials", "deleted":"0", "process_failed_to_decrypt":"0", "process_pending_decryption":"0", "process_success":"1", "total":"1"}}
{"logTime": "0319/012821", "correlationVector":"og2DenVzD5K1dqHTS2T565.5","action":"GetUpdates Response", "result":"Success", "context":Received 250 update(s). cV=og2DenVzD5K1dqHTS2T565.0;server=akswtt11100003i;cloudType=Consumer;environment=Prod_japaneast_prod-s01-061-apac-japaneast;migrationStage=NotStarted Some updates remain.}
{"logTime": "0319/012821", "correlationVector":"WzQ7D+cYI1YY/69yMDSXCu","action":"Initial GetUpdates", "result":"", "context":Reason: NEWLY_SUPPORTED_DATATYPE. cV=WzQ7D+cYI1YY/69yMDSXCu}
{"logTime": "0319/012822", "correlationVector":"WzQ7D+cYI1YY/69yMDSXCu.1","action":"SyncServerConnectionManagerRequest", "result":"SYNC_SERVER_OK", "context":{"environment":"Prod_westus2_prod-s01-035-nam-westus2", "migrationStage":"NotStarted", "server":"akswtt112000003"}}
{"logTime": "0319/012822", "correlationVector":"WzQ7D+cYI1YY/69yMDSXCu.2","action":"ProcessGetUpdates", "result":"Done", "context":{"dataType":"Autofill", "deleted":"0", "process_failed_to_decrypt":"0", "process_pending_decryption":"0", "process_success":"12", "total":"12"}}
{"logTime": "0319/012822", "correlationVector":"WzQ7D+cYI1YY/69yMDSXCu.3","action":"ProcessGetUpdates", "result":"Done", "context":{"dataType":"Sessions", "deleted":"237", "process_failed_to_decrypt":"0", "process_pending_decryption":"0", "process_success":"237", "total":"237"}}
{"logTime": "0319/012822", "correlationVector":"WzQ7D+cYI1YY/69yMDSXCu.4","action":"ProcessGetUpdates", "result":"Done", "context":{"dataType":"WebAuthn Credentials", "deleted":"0", "process_failed_to_decrypt":"0", "process_pending_decryption":"0", "process_success":"1", "total":"1"}}
{"logTime": "0319/012822", "correlationVector":"WzQ7D+cYI1YY/69yMDSXCu.5","action":"GetUpdates Response", "result":"Success", "context":Received 250 update(s). cV=WzQ7D+cYI1YY/69yMDSXCu.0;server=akswtt112000003;cloudType=Consumer;environment=Prod_westus2_prod-s01-035-nam-westus2;migrationStage=NotStarted Some updates remain.}
{"logTime": "0319/012822", "correlationVector":"OhwNjDO80SN4caXs+sy/pS","action":"Initial GetUpdates", "result":"", "context":Reason: NEWLY_SUPPORTED_DATATYPE. cV=OhwNjDO80SN4caXs+sy/pS}
{"logTime": "0319/012823", "correlationVector":"OhwNjDO80SN4caXs+sy/pS.1","action":"SyncServerConnectionManagerRequest", "result":"SYNC_SERVER_OK", "context":{"environment":"Prod_japanwest_prod-s01-066-apac-japanwest", "migrationStage":"NotStarted", "server":"akswtt11100000c"}}
{"logTime": "0319/012823", "correlationVector":"OhwNjDO80SN4caXs+sy/pS.2","action":"ProcessGetUpdates", "result":"Done", "context":{"dataType":"Autofill Profiles", "deleted":"4", "process_failed_to_decrypt":"0", "process_pending_decryption":"0", "process_success":"4", "total":"4"}}
{"logTime": "0319/012823", "correlationVector":"OhwNjDO80SN4caXs+sy/pS.3","action":"ProcessGetUpdates", "result":"Done", "context":{"dataType":"Sessions", "deleted":"242", "process_failed_to_decrypt":"0", "process_pending_decryption":"0", "process_success":"242", "total":"242"}}
{"logTime": "0319/012823", "correlationVector":"OhwNjDO80SN4caXs+sy/pS.4","action":"ProcessGetUpdates", "result":"Done", "context":{"dataType":"Edge Hub App Usage", "deleted":"0", "process_failed_to_decrypt":"0", "process_pending_decryption":"0", "process_success":"4", "total":"4"}}
{"logTime": "0319/012823", "correlationVector":"OhwNjDO80SN4caXs+sy/pS.5","action":"GetUpdates Response", "result":"Success", "context":Received 250 update(s). cV=OhwNjDO80SN4caXs+sy/pS.0;server=akswtt11100000c;cloudType=Consumer;environment=Prod_japanwest_prod-s01-066-apac-japanwest;migrationStage=NotStarted Some updates remain.}
{"logTime": "0319/012823", "correlationVector":"W50z1vU/yPUjZ64RCW17HX","action":"Initial GetUpdates", "result":"", "context":Reason: NEWLY_SUPPORTED_DATATYPE. cV=W50z1vU/yPUjZ64RCW17HX}
{"logTime": "0319/012824", "correlationVector":"W50z1vU/yPUjZ64RCW17HX.1","action":"SyncServerConnectionManagerRequest", "result":"SYNC_SERVER_OK", "context":{"environment":"Prod_japanwest_prod-s01-066-apac-japanwest", "migrationStage":"NotStarted", "server":"akswtt11100000t"}}
{"logTime": "0319/012824", "correlationVector":"W50z1vU/yPUjZ64RCW17HX.2","action":"ProcessGetUpdates", "result":"Done", "context":{"dataType":"Sessions", "deleted":"246", "process_failed_to_decrypt":"0", "process_pending_decryption":"0", "process_success":"246", "total":"246"}}
{"logTime": "0319/012824", "correlationVector":"W50z1vU/yPUjZ64RCW17HX.3","action":"ProcessGetUpdates", "result":"Done", "context":{"dataType":"Edge Hub App Usage", "deleted":"0", "process_failed_to_decrypt":"0", "process_pending_decryption":"0", "process_success":"4", "total":"4"}}
{"logTime": "0319/012824", "correlationVector":"W50z1vU/yPUjZ64RCW17HX.4","action":"GetUpdates Response", "result":"Success", "context":Received 250 update(s). cV=W50z1vU/yPUjZ64RCW17HX.0;server=akswtt11100000t;cloudType=Consumer;environment=Prod_japanwest_prod-s01-066-apac-japanwest;migrationStage=NotStarted Some updates remain.}
{"logTime": "0319/012824", "correlationVector":"LvqRmaPAnJ4fKhVgQz9m+O","action":"Initial GetUpdates", "result":"", "context":Reason: NEWLY_SUPPORTED_DATATYPE. cV=LvqRmaPAnJ4fKhVgQz9m+O}
{"logTime": "0319/012825", "correlationVector":"LvqRmaPAnJ4fKhVgQz9m+O.1","action":"SyncServerConnectionManagerRequest", "result":"SYNC_SERVER_OK", "context":{"environment":"Prod_westus2_prod-s01-035-nam-westus2", "migrationStage":"NotStarted", "server":"akswtt112000005"}}
{"logTime": "0319/012825", "correlationVector":"LvqRmaPAnJ4fKhVgQz9m+O.2","action":"ProcessGetUpdates", "result":"Done", "context":{"dataType":"Autofill", "deleted":"0", "process_failed_to_decrypt":"0", "process_pending_decryption":"0", "process_success":"7", "total":"7"}}
{"logTime": "0319/012825", "correlationVector":"LvqRmaPAnJ4fKhVgQz9m+O.3","action":"ProcessGetUpdates", "result":"Done", "context":{"dataType":"Sessions", "deleted":"242", "process_failed_to_decrypt":"0", "process_pending_decryption":"0", "process_success":"242", "total":"242"}}
{"logTime": "0319/012825", "correlationVector":"LvqRmaPAnJ4fKhVgQz9m+O.4","action":"ProcessGetUpdates", "result":"Done", "context":{"dataType":"Edge Hub App Usage", "deleted":"0", "process_failed_to_decrypt":"0", "process_pending_decryption":"0", "process_success":"1", "total":"1"}}
{"logTime": "0319/012825", "correlationVector":"LvqRmaPAnJ4fKhVgQz9m+O.5","action":"GetUpdates Response", "result":"Success", "context":Received 250 update(s). cV=LvqRmaPAnJ4fKhVgQz9m+O.0;server=akswtt112000005;cloudType=Consumer;environment=Prod_westus2_prod-s01-035-nam-westus2;migrationStage=NotStarted Some updates remain.}
{"logTime": "0319/012825", "correlationVector":"uTeYa8RI6ug/ZthTRHpz0s","action":"Initial GetUpdates", "result":"", "context":Reason: NEWLY_SUPPORTED_DATATYPE. cV=uTeYa8RI6ug/ZthTRHpz0s}
{"logTime": "0319/012826", "correlationVector":"uTeYa8RI6ug/ZthTRHpz0s.1","action":"SyncServerConnectionManagerRequest", "result":"SYNC_SERVER_OK", "context":{"environment":"Prod_southeastasia_prod-s01-064-apac-southeastasia", "migrationStage":"NotStarted", "server":"akswtt11100001r"}}
{"logTime": "0319/012826", "correlationVector":"uTeYa8RI6ug/ZthTRHpz0s.2","action":"ProcessGetUpdates", "result":"Done", "context":{"dataType":"Autofill Profiles", "deleted":"2", "process_failed_to_decrypt":"0", "process_pending_decryption":"0", "process_success":"2", "total":"2"}}
{"logTime": "0319/012826", "correlationVector":"uTeYa8RI6ug/ZthTRHpz0s.3","action":"ProcessGetUpdates", "result":"Done", "context":{"dataType":"Autofill", "deleted":"0", "process_failed_to_decrypt":"0", "process_pending_decryption":"0", "process_success":"5", "total":"5"}}
{"logTime": "0319/012826", "correlationVector":"uTeYa8RI6ug/ZthTRHpz0s.4","action":"ProcessGetUpdates", "result":"Done", "context":{"dataType":"Sessions", "deleted":"234", "process_failed_to_decrypt":"0", "process_pending_decryption":"0", "process_success":"234", "total":"234"}}
{"logTime": "0319/012826", "correlationVector":"uTeYa8RI6ug/ZthTRHpz0s.5","action":"ProcessGetUpdates", "result":"Done", "context":{"dataType":"Edge Hub App Usage", "deleted":"0", "process_failed_to_decrypt":"0", "process_pending_decryption":"0", "process_success":"9", "total":"9"}}
{"logTime": "0319/012826", "correlationVector":"uTeYa8RI6ug/ZthTRHpz0s.6","action":"GetUpdates Response", "result":"Success", "context":Received 250 update(s). cV=uTeYa8RI6ug/ZthTRHpz0s.0;server=akswtt11100001r;cloudType=Consumer;environment=Prod_southeastasia_prod-s01-064-apac-southeastasia;migrationStage=NotStarted Some updates remain.}
{"logTime": "0319/012826", "correlationVector":"H9Ih4b2QDxag3obw8kZwP8","action":"Initial GetUpdates", "result":"", "context":Reason: NEWLY_SUPPORTED_DATATYPE. cV=H9Ih4b2QDxag3obw8kZwP8}
{"logTime": "0319/012827", "correlationVector":"H9Ih4b2QDxag3obw8kZwP8.1","action":"SyncServerConnectionManagerRequest", "result":"SYNC_SERVER_OK", "context":{"environment":"Prod_westus2_prod-s01-035-nam-westus2", "migrationStage":"NotStarted", "server":"akswtt112000003"}}
{"logTime": "0319/012827", "correlationVector":"H9Ih4b2QDxag3obw8kZwP8.2","action":"ProcessGetUpdates", "result":"Done", "context":{"dataType":"Autofill Profiles", "deleted":"0", "process_failed_to_decrypt":"0", "process_pending_decryption":"0", "process_success":"1", "total":"1"}}
{"logTime": "0319/012827", "correlationVector":"H9Ih4b2QDxag3obw8kZwP8.3","action":"ProcessGetUpdates", "result":"Done", "context":{"dataType":"Autofill", "deleted":"0", "process_failed_to_decrypt":"0", "process_pending_decryption":"0", "process_success":"14", "total":"14"}}
{"logTime": "0319/012827", "correlationVector":"H9Ih4b2QDxag3obw8kZwP8.4","action":"ProcessGetUpdates", "result":"Done", "context":{"dataType":"Sessions", "deleted":"231", "process_failed_to_decrypt":"0", "process_pending_decryption":"0", "process_success":"233", "total":"233"}}
{"logTime": "0319/012827", "correlationVector":"H9Ih4b2QDxag3obw8kZwP8.5","action":"ProcessGetUpdates", "result":"Done", "context":{"dataType":"History Delete Directives", "deleted":"0", "process_failed_to_decrypt":"0", "process_pending_decryption":"0", "process_success":"2", "total":"2"}}
{"logTime": "0319/012827", "correlationVector":"H9Ih4b2QDxag3obw8kZwP8.6","action":"GetUpdates Response", "result":"Success", "context":Received 250 update(s). cV=H9Ih4b2QDxag3obw8kZwP8.0;server=akswtt112000003;cloudType=Consumer;environment=Prod_westus2_prod-s01-035-nam-westus2;migrationStage=NotStarted Some updates remain.}
{"logTime": "0319/012827", "correlationVector":"bIYfP9vqX/dLhxF8ov/X5/","action":"Initial GetUpdates", "result":"", "context":Reason: NEWLY_SUPPORTED_DATATYPE. cV=bIYfP9vqX/dLhxF8ov/X5/}
{"logTime": "0319/012828", "correlationVector":"bIYfP9vqX/dLhxF8ov/X5/.1","action":"SyncServerConnectionManagerRequest", "result":"SYNC_SERVER_OK", "context":{"environment":"Prod_japaneast_prod-s01-061-apac-japaneast", "migrationStage":"NotStarted", "server":"akswtt11100003h"}}
{"logTime": "0319/012828", "correlationVector":"bIYfP9vqX/dLhxF8ov/X5/.2","action":"ProcessGetUpdates", "result":"Done", "context":{"dataType":"Autofill", "deleted":"0", "process_failed_to_decrypt":"0", "process_pending_decryption":"0", "process_success":"1", "total":"1"}}
{"logTime": "0319/012828", "correlationVector":"bIYfP9vqX/dLhxF8ov/X5/.3","action":"ProcessGetUpdates", "result":"Done", "context":{"dataType":"Sessions", "deleted":"196", "process_failed_to_decrypt":"0", "process_pending_decryption":"0", "process_success":"200", "total":"200"}}
{"logTime": "0319/012828", "correlationVector":"bIYfP9vqX/dLhxF8ov/X5/.4","action":"GetUpdates Response", "result":"Success", "context":Received 201 update(s). cV=bIYfP9vqX/dLhxF8ov/X5/.0;server=akswtt11100003h;cloudType=Consumer;environment=Prod_japaneast_prod-s01-061-apac-japaneast;migrationStage=NotStarted}
{"logTime": "0319/012828", "correlationVector":"5cGY81uWXHGe1QGh8OagS6","action":"Initial GetUpdates", "result":"", "context":Reason: NEWLY_SUPPORTED_DATATYPE. cV=5cGY81uWXHGe1QGh8OagS6}
{"logTime": "0319/012828", "correlationVector":"5cGY81uWXHGe1QGh8OagS6.1","action":"SyncServerConnectionManagerRequest", "result":"SYNC_SERVER_OK", "context":{"environment":"Prod_southeastasia_prod-s01-065-apac-southeastasia", "migrationStage":"NotStarted", "server":"akswtt111000024"}}
{"logTime": "0319/012828", "correlationVector":"5cGY81uWXHGe1QGh8OagS6.2","action":"ProcessGetUpdates", "result":"Done", "context":{"dataType":"History", "deleted":"124", "process_failed_to_decrypt":"0", "process_pending_decryption":"0", "process_success":"250", "total":"250"}}
{"logTime": "0319/012828", "correlationVector":"5cGY81uWXHGe1QGh8OagS6.3","action":"GetUpdates Response", "result":"Success", "context":Received 250 update(s). cV=5cGY81uWXHGe1QGh8OagS6.0;server=akswtt111000024;cloudType=Consumer;environment=Prod_southeastasia_prod-s01-065-apac-southeastasia;migrationStage=NotStarted Some updates remain.}
{"logTime": "0319/012828", "correlationVector":"edePlcyPsYEMrqzpNc8+za","action":"Initial GetUpdates", "result":"", "context":Reason: NEWLY_SUPPORTED_DATATYPE. cV=edePlcyPsYEMrqzpNc8+za}
{"logTime": "0319/012829", "correlationVector":"edePlcyPsYEMrqzpNc8+za.1","action":"SyncServerConnectionManagerRequest", "result":"SYNC_SERVER_OK", "context":{"environment":"Prod_westus2_prod-s01-035-nam-westus2", "migrationStage":"NotStarted", "server":"akswtt11200000m"}}
{"logTime": "0319/012829", "correlationVector":"edePlcyPsYEMrqzpNc8+za.2","action":"ProcessGetUpdates", "result":"Done", "context":{"dataType":"History", "deleted":"250", "process_failed_to_decrypt":"0", "process_pending_decryption":"0", "process_success":"250", "total":"250"}}
{"logTime": "0319/012829", "correlationVector":"edePlcyPsYEMrqzpNc8+za.3","action":"GetUpdates Response", "result":"Success", "context":Received 250 update(s). cV=edePlcyPsYEMrqzpNc8+za.0;server=akswtt11200000m;cloudType=Consumer;environment=Prod_westus2_prod-s01-035-nam-westus2;migrationStage=NotStarted Some updates remain.}
{"logTime": "0319/012829", "correlationVector":"VMr67y0vf1rhAOHvVbGuqI","action":"Initial GetUpdates", "result":"", "context":Reason: NEWLY_SUPPORTED_DATATYPE. cV=VMr67y0vf1rhAOHvVbGuqI}
{"logTime": "0319/012829", "correlationVector":"VMr67y0vf1rhAOHvVbGuqI.1","action":"SyncServerConnectionManagerRequest", "result":"SYNC_SERVER_OK", "context":{"environment":"Prod_japaneast_prod-s01-061-apac-japaneast", "migrationStage":"NotStarted", "server":"akswtt111000004"}}
{"logTime": "0319/012829", "correlationVector":"VMr67y0vf1rhAOHvVbGuqI.2","action":"ProcessGetUpdates", "result":"Done", "context":{"dataType":"History", "deleted":"250", "process_failed_to_decrypt":"0", "process_pending_decryption":"0", "process_success":"250", "total":"250"}}
{"logTime": "0319/012829", "correlationVector":"VMr67y0vf1rhAOHvVbGuqI.3","action":"GetUpdates Response", "result":"Success", "context":Received 250 update(s). cV=VMr67y0vf1rhAOHvVbGuqI.0;server=akswtt111000004;cloudType=Consumer;environment=Prod_japaneast_prod-s01-061-apac-japaneast;migrationStage=NotStarted Some updates remain.}
{"logTime": "0319/012829", "correlationVector":"kHw+yZOrfScOR5xqL0gfwb","action":"Initial GetUpdates", "result":"", "context":Reason: NEWLY_SUPPORTED_DATATYPE. cV=kHw+yZOrfScOR5xqL0gfwb}
{"logTime": "0319/012830", "correlationVector":"kHw+yZOrfScOR5xqL0gfwb.1","action":"SyncServerConnectionManagerRequest", "result":"SYNC_SERVER_OK", "context":{"environment":"Prod_japaneast_prod-s01-061-apac-japaneast", "migrationStage":"NotStarted", "server":"akswtt11100002l"}}
{"logTime": "0319/012830", "correlationVector":"kHw+yZOrfScOR5xqL0gfwb.2","action":"ProcessGetUpdates", "result":"Done", "context":{"dataType":"History", "deleted":"250", "process_failed_to_decrypt":"0", "process_pending_decryption":"0", "process_success":"250", "total":"250"}}
{"logTime": "0319/012830", "correlationVector":"kHw+yZOrfScOR5xqL0gfwb.3","action":"GetUpdates Response", "result":"Success", "context":Received 250 update(s). cV=kHw+yZOrfScOR5xqL0gfwb.0;server=akswtt11100002l;cloudType=Consumer;environment=Prod_japaneast_prod-s01-061-apac-japaneast;migrationStage=NotStarted Some updates remain.}
{"logTime": "0319/012830", "correlationVector":"W4tTWDayr8Sq3STOWDptLT","action":"Initial GetUpdates", "result":"", "context":Reason: NEWLY_SUPPORTED_DATATYPE. cV=W4tTWDayr8Sq3STOWDptLT}
{"logTime": "0319/012831", "correlationVector":"W4tTWDayr8Sq3STOWDptLT.1","action":"SyncServerConnectionManagerRequest", "result":"SYNC_SERVER_OK", "context":{"environment":"Prod_southeastasia_prod-s01-065-apac-southeastasia", "migrationStage":"NotStarted", "server":"akswtt11100002g"}}
{"logTime": "0319/012831", "correlationVector":"W4tTWDayr8Sq3STOWDptLT.2","action":"ProcessGetUpdates", "result":"Done", "context":{"dataType":"History", "deleted":"218", "process_failed_to_decrypt":"0", "process_pending_decryption":"0", "process_success":"250", "total":"250"}}
{"logTime": "0319/012831", "correlationVector":"W4tTWDayr8Sq3STOWDptLT.3","action":"GetUpdates Response", "result":"Success", "context":Received 250 update(s). cV=W4tTWDayr8Sq3STOWDptLT.0;server=akswtt11100002g;cloudType=Consumer;environment=Prod_southeastasia_prod-s01-065-apac-southeastasia;migrationStage=NotStarted Some updates remain.}
{"logTime": "0319/012831", "correlationVector":"3DSYwlSRkOiPI/u8VFWUTG","action":"Initial GetUpdates", "result":"", "context":Reason: NEWLY_SUPPORTED_DATATYPE. cV=3DSYwlSRkOiPI/u8VFWUTG}
{"logTime": "0319/012832", "correlationVector":"3DSYwlSRkOiPI/u8VFWUTG.1","action":"SyncServerConnectionManagerRequest", "result":"SYNC_SERVER_OK", "context":{"environment":"Prod_japaneast_prod-s01-061-apac-japaneast", "migrationStage":"NotStarted", "server":"akswtt11100002a"}}
{"logTime": "0319/012832", "correlationVector":"3DSYwlSRkOiPI/u8VFWUTG.2","action":"ProcessGetUpdates", "result":"Done", "context":{"dataType":"History", "deleted":"0", "process_failed_to_decrypt":"0", "process_pending_decryption":"0", "process_success":"250", "total":"250"}}
{"logTime": "0319/012832", "correlationVector":"3DSYwlSRkOiPI/u8VFWUTG.3","action":"GetUpdates Response", "result":"Success", "context":Received 250 update(s). cV=3DSYwlSRkOiPI/u8VFWUTG.0;server=akswtt11100002a;cloudType=Consumer;environment=Prod_japaneast_prod-s01-061-apac-japaneast;migrationStage=NotStarted Some updates remain.}
{"logTime": "0319/012832", "correlationVector":"6fkHv0ifW0gD7qTJh5mv7K","action":"Initial GetUpdates", "result":"", "context":Reason: NEWLY_SUPPORTED_DATATYPE. cV=6fkHv0ifW0gD7qTJh5mv7K}
{"logTime": "0319/012833", "correlationVector":"6fkHv0ifW0gD7qTJh5mv7K.1","action":"SyncServerConnectionManagerRequest", "result":"SYNC_SERVER_OK", "context":{"environment":"Prod_westus2_prod-s01-035-nam-westus2", "migrationStage":"NotStarted", "server":"akswtt112000005"}}
{"logTime": "0319/012833", "correlationVector":"6fkHv0ifW0gD7qTJh5mv7K.2","action":"ProcessGetUpdates", "result":"Done", "context":{"dataType":"History", "deleted":"0", "process_failed_to_decrypt":"0", "process_pending_decryption":"0", "process_success":"250", "total":"250"}}
{"logTime": "0319/012833", "correlationVector":"6fkHv0ifW0gD7qTJh5mv7K.3","action":"GetUpdates Response", "result":"Success", "context":Received 250 update(s). cV=6fkHv0ifW0gD7qTJh5mv7K.0;server=akswtt112000005;cloudType=Consumer;environment=Prod_westus2_prod-s01-035-nam-westus2;migrationStage=NotStarted Some updates remain.}
{"logTime": "0319/012833", "correlationVector":"f8SIUEBHN3j4MIS08H7xf8","action":"Initial GetUpdates", "result":"", "context":Reason: NEWLY_SUPPORTED_DATATYPE. cV=f8SIUEBHN3j4MIS08H7xf8}
{"logTime": "0319/012834", "correlationVector":"f8SIUEBHN3j4MIS08H7xf8.1","action":"SyncServerConnectionManagerRequest", "result":"SYNC_SERVER_OK", "context":{"environment":"Prod_japaneast_prod-s01-061-apac-japaneast", "migrationStage":"NotStarted", "server":"akswtt11100002h"}}
{"logTime": "0319/012834", "correlationVector":"f8SIUEBHN3j4MIS08H7xf8.2","action":"ProcessGetUpdates", "result":"Done", "context":{"dataType":"History", "deleted":"0", "process_failed_to_decrypt":"0", "process_pending_decryption":"0", "process_success":"250", "total":"250"}}
{"logTime": "0319/012834", "correlationVector":"f8SIUEBHN3j4MIS08H7xf8.3","action":"GetUpdates Response", "result":"Success", "context":Received 250 update(s). cV=f8SIUEBHN3j4MIS08H7xf8.0;server=akswtt11100002h;cloudType=Consumer;environment=Prod_japaneast_prod-s01-061-apac-japaneast;migrationStage=NotStarted Some updates remain.}
{"logTime": "0319/012834", "correlationVector":"H5ebwV5IfoQFiy+YNb+IWB","action":"Initial GetUpdates", "result":"", "context":Reason: NEWLY_SUPPORTED_DATATYPE. cV=H5ebwV5IfoQFiy+YNb+IWB}
{"logTime": "0319/012834", "correlationVector":"H5ebwV5IfoQFiy+YNb+IWB.1","action":"SyncServerConnectionManagerRequest", "result":"SYNC_SERVER_OK", "context":{"environment":"Prod_japaneast_prod-s01-061-apac-japaneast", "migrationStage":"NotStarted", "server":"akswtt111000033"}}
{"logTime": "0319/012834", "correlationVector":"H5ebwV5IfoQFiy+YNb+IWB.2","action":"ProcessGetUpdates", "result":"Done", "context":{"dataType":"History", "deleted":"0", "process_failed_to_decrypt":"0", "process_pending_decryption":"0", "process_success":"250", "total":"250"}}
{"logTime": "0319/012834", "correlationVector":"H5ebwV5IfoQFiy+YNb+IWB.3","action":"GetUpdates Response", "result":"Success", "context":Received 250 update(s). cV=H5ebwV5IfoQFiy+YNb+IWB.0;server=akswtt111000033;cloudType=Consumer;environment=Prod_japaneast_prod-s01-061-apac-japaneast;migrationStage=NotStarted Some updates remain.}
{"logTime": "0319/012834", "correlationVector":"oSSWIwvaXELWgECQ6v/a0R","action":"Initial GetUpdates", "result":"", "context":Reason: NEWLY_SUPPORTED_DATATYPE. cV=oSSWIwvaXELWgECQ6v/a0R}
{"logTime": "0319/012835", "correlationVector":"oSSWIwvaXELWgECQ6v/a0R.1","action":"SyncServerConnectionManagerRequest", "result":"SYNC_SERVER_OK", "context":{"environment":"Prod_japaneast_prod-s01-061-apac-japaneast", "migrationStage":"NotStarted", "server":"akswtt111000004"}}
{"logTime": "0319/012835", "correlationVector":"oSSWIwvaXELWgECQ6v/a0R.2","action":"ProcessGetUpdates", "result":"Done", "context":{"dataType":"History", "deleted":"0", "process_failed_to_decrypt":"0", "process_pending_decryption":"0", "process_success":"250", "total":"250"}}
{"logTime": "0319/012835", "correlationVector":"oSSWIwvaXELWgECQ6v/a0R.3","action":"GetUpdates Response", "result":"Success", "context":Received 250 update(s). cV=oSSWIwvaXELWgECQ6v/a0R.0;server=akswtt111000004;cloudType=Consumer;environment=Prod_japaneast_prod-s01-061-apac-japaneast;migrationStage=NotStarted Some updates remain.}
{"logTime": "0319/012835", "correlationVector":"o5/GYlmYbDPX+WV8xF9TWt","action":"Initial GetUpdates", "result":"", "context":Reason: NEWLY_SUPPORTED_DATATYPE. cV=o5/GYlmYbDPX+WV8xF9TWt}
{"logTime": "0319/012836", "correlationVector":"o5/GYlmYbDPX+WV8xF9TWt.1","action":"SyncServerConnectionManagerRequest", "result":"SYNC_SERVER_OK", "context":{"environment":"Prod_japaneast_prod-s01-061-apac-japaneast", "migrationStage":"NotStarted", "server":"akswtt111000035"}}
{"logTime": "0319/012836", "correlationVector":"o5/GYlmYbDPX+WV8xF9TWt.2","action":"ProcessGetUpdates", "result":"Done", "context":{"dataType":"History", "deleted":"0", "process_failed_to_decrypt":"0", "process_pending_decryption":"0", "process_success":"250", "total":"250"}}
{"logTime": "0319/012836", "correlationVector":"o5/GYlmYbDPX+WV8xF9TWt.3","action":"GetUpdates Response", "result":"Success", "context":Received 250 update(s). cV=o5/GYlmYbDPX+WV8xF9TWt.0;server=akswtt111000035;cloudType=Consumer;environment=Prod_japaneast_prod-s01-061-apac-japaneast;migrationStage=NotStarted Some updates remain.}
{"logTime": "0319/012836", "correlationVector":"jYHso3aNF/liiSM/RPJZmx","action":"Initial GetUpdates", "result":"", "context":Reason: NEWLY_SUPPORTED_DATATYPE. cV=jYHso3aNF/liiSM/RPJZmx}
{"logTime": "0319/012837", "correlationVector":"jYHso3aNF/liiSM/RPJZmx.1","action":"SyncServerConnectionManagerRequest", "result":"SYNC_SERVER_OK", "context":{"environment":"Prod_westus2_prod-s01-035-nam-westus2", "migrationStage":"NotStarted", "server":"akswtt11200000h"}}
{"logTime": "0319/012837", "correlationVector":"jYHso3aNF/liiSM/RPJZmx.2","action":"ProcessGetUpdates", "result":"Done", "context":{"dataType":"History", "deleted":"0", "process_failed_to_decrypt":"0", "process_pending_decryption":"0", "process_success":"250", "total":"250"}}
{"logTime": "0319/012837", "correlationVector":"jYHso3aNF/liiSM/RPJZmx.3","action":"GetUpdates Response", "result":"Success", "context":Received 250 update(s). cV=jYHso3aNF/liiSM/RPJZmx.0;server=akswtt11200000h;cloudType=Consumer;environment=Prod_westus2_prod-s01-035-nam-westus2;migrationStage=NotStarted Some updates remain.}
{"logTime": "0319/012837", "correlationVector":"yls7IE6dtwDQ/nVds+OnSS","action":"Initial GetUpdates", "result":"", "context":Reason: NEWLY_SUPPORTED_DATATYPE. cV=yls7IE6dtwDQ/nVds+OnSS}
{"logTime": "0319/012837", "correlationVector":"yls7IE6dtwDQ/nVds+OnSS.1","action":"SyncServerConnectionManagerRequest", "result":"SYNC_SERVER_OK", "context":{"environment":"Prod_japaneast_prod-s01-061-apac-japaneast", "migrationStage":"NotStarted", "server":"akswtt11100002w"}}
{"logTime": "0319/012837", "correlationVector":"yls7IE6dtwDQ/nVds+OnSS.2","action":"ProcessGetUpdates", "result":"Done", "context":{"dataType":"History", "deleted":"0", "process_failed_to_decrypt":"0", "process_pending_decryption":"0", "process_success":"149", "total":"149"}}
{"logTime": "0319/012837", "correlationVector":"yls7IE6dtwDQ/nVds+OnSS.3","action":"GetUpdates Response", "result":"Success", "context":Received 149 update(s). cV=yls7IE6dtwDQ/nVds+OnSS.0;server=akswtt11100002w;cloudType=Consumer;environment=Prod_japaneast_prod-s01-061-apac-japaneast;migrationStage=NotStarted}
{"logTime": "0319/012837", "correlationVector":"6FWfoQlsUjshdMNI4sgVH1","action":"Normal GetUpdate request", "result":"", "context":cV=6FWfoQlsUjshdMNI4sgVH1
Nudged types: Preferences, Passwords, Sessions, Device Info, User Consents, History
Refresh requested types: Bookmarks, Preferences, Passwords, Autofill Profiles, Autofill, Extensions, Sessions, Extension settings, History Delete Directives, Device Info, User Consents, Send Tab To Self, Web Apps, History, Saved Tab Group, WebAuthn Credentials, Collection, Edge E Drop, Edge Hub App Usage, Edge Wallet, Edge Workspace, Encryption Keys}
{"logTime": "0319/012838", "correlationVector":"6FWfoQlsUjshdMNI4sgVH1.1","action":"SyncServerConnectionManagerRequest", "result":"SYNC_SERVER_OK", "context":{"environment":"Prod_japaneast_prod-s01-061-apac-japaneast", "migrationStage":"NotStarted", "server":"akswtt11100002u"}}
{"logTime": "0319/012838", "correlationVector":"6FWfoQlsUjshdMNI4sgVH1.2","action":"GetUpdates Response", "result":"Success", "context":Received 0 update(s). cV=6FWfoQlsUjshdMNI4sgVH1.0;server=akswtt11100002u;cloudType=Consumer;environment=Prod_japaneast_prod-s01-061-apac-japaneast;migrationStage=NotStarted}
{"logTime": "0319/012838", "correlationVector":"HFVJPSgIaYzSQHhuJDoe3k","action":"Commit Request", "result":"", "context":Item count: 40
Contributing types: Passwords}
{"logTime": "0319/012842", "correlationVector":"HFVJPSgIaYzSQHhuJDoe3k.1","action":"SyncServerConnectionManagerRequest", "result":"SYNC_SERVER_OK", "context":{"environment":"Prod_westus2_prod-s01-035-nam-westus2", "migrationStage":"NotStarted", "server":"akswtt11200000h"}}
{"logTime": "0319/012842", "correlationVector":"HFVJPSgIaYzSQHhuJDoe3k.2","action":"Commit Response", "result":"Success", "context":Result: Success. cV=HFVJPSgIaYzSQHhuJDoe3k.0;server=akswtt11200000h;cloudType=Consumer;environment=Prod_westus2_prod-s01-035-nam-westus2;migrationStage=NotStarted}
{"logTime": "0319/012842", "correlationVector":"h+oitn7MeB8JhgWn2ftlKj","action":"Commit Request", "result":"", "context":Item count: 12
Contributing types: Preferences, Passwords, Sessions, Device Info, User Consents, History}
{"logTime": "0319/012843", "correlationVector":"h+oitn7MeB8JhgWn2ftlKj.1","action":"SyncServerConnectionManagerRequest", "result":"SYNC_SERVER_OK", "context":{"environment":"Prod_southeastasia_prod-s01-064-apac-southeastasia", "migrationStage":"NotStarted", "server":"akswtt111000005"}}
{"logTime": "0319/012843", "correlationVector":"h+oitn7MeB8JhgWn2ftlKj.2","action":"Commit Response", "result":"Success", "context":Result: Success. cV=h+oitn7MeB8JhgWn2ftlKj.0;server=akswtt111000005;cloudType=Consumer;environment=Prod_southeastasia_prod-s01-064-apac-southeastasia;migrationStage=NotStarted}
{"logTime": "0319/013149", "correlationVector":"5j4YcblZ0AE47cJPiRNP5E","action":"Commit Request", "result":"", "context":Item count: 3
Contributing types: Sessions, History}
{"logTime": "0319/013149", "correlationVector":"5j4YcblZ0AE47cJPiRNP5E.1","action":"SyncServerConnectionManagerRequest", "result":"SYNC_SERVER_OK", "context":{"environment":"Prod_japaneast_prod-s01-061-apac-japaneast", "migrationStage":"NotStarted", "server":"akswtt111000029"}}
{"logTime": "0319/013149", "correlationVector":"5j4YcblZ0AE47cJPiRNP5E.2","action":"Commit Response", "result":"Success", "context":Result: Success. cV=5j4YcblZ0AE47cJPiRNP5E.0;server=akswtt111000029;cloudType=Consumer;environment=Prod_japaneast_prod-s01-061-apac-japaneast;migrationStage=NotStarted}
